UIAppTemplate/build/outputs/logs/manifest-merger-debug-report.txt
-- Merging decision tree log ---
manifest
ADDED from android - AS/UIAppTemplate/AndroidManifest.xml:2:1-174:12
	package
		ADDED from android - AS/UIAppTemplate/AndroidManifest.xml:3:5-47
		INJECTED from android - AS/UIAppTemplate/AndroidManifest.xml
		INJECTED from android - AS/UIAppTemplate/AndroidManifest.xml
	android:versionName
		ADDED from android - AS/UIAppTemplate/AndroidManifest.xml:5:5-32
		INJECTED from android - AS/UIAppTemplate/AndroidManifest.xml
		INJECTED from android - AS/UIAppTemplate/AndroidManifest.xml
	android:versionCode
		ADDED from android - AS/UIAppTemplate/AndroidManifest.xml:4:5-28
		INJECTED from android - AS/UIAppTemplate/AndroidManifest.xml
		INJECTED from android - AS/UIAppTemplate/AndroidManifest.xml
	xmlns:android
		ADDED from android - AS/UIAppTemplate/AndroidManifest.xml:2:11-69
uses-sdk
ADDED from android - AS/UIAppTemplate/AndroidManifest.xml:7:5-9:41
MERGED from [android - AS:StickyListHeaders:unspecified] AndroidManifest.xml:7:5-9:41
MERGED from [com.android.support:appcompat-v7:25.2.0] AndroidManifest.xml:21:5-23:78
MERGED from [com.android.support:animated-vector-drawable:25.2.0] AndroidManifest.xml:20:5-44
MERGED from [com.android.support:support-vector-drawable:25.2.0] AndroidManifest.xml:21:5-43
MERGED from [com.google.firebase:firebase-messaging:10.0.1] AndroidManifest.xml:17:5-42
MERGED from [com.google.firebase:firebase-core:10.0.1] AndroidManifest.xml:4:5-42
MERGED from [com.google.firebase:firebase-analytics:10.0.1] AndroidManifest.xml:17:5-42
MERGED from [com.google.firebase:firebase-analytics-impl:10.0.1] AndroidManifest.xml:17:5-42
MERGED from [com.google.firebase:firebase-iid:10.0.1] AndroidManifest.xml:17:5-42
MERGED from [com.google.firebase:firebase-common:10.0.1] AndroidManifest.xml:3:5-42
MERGED from [com.google.android.gms:play-services-tasks:10.0.1] AndroidManifest.xml:3:5-42
MERGED from [com.google.android.gms:play-services-basement:10.0.1] AndroidManifest.xml:17:5-42
MERGED from [com.android.support:support-v4:25.2.0] AndroidManifest.xml:21:5-23:54
MERGED from [com.android.support:support-fragment:25.2.0] AndroidManifest.xml:21:5-23:60
MERGED from [com.android.support:support-media-compat:25.2.0] AndroidManifest.xml:21:5-23:63
MERGED from [com.android.support:support-core-ui:25.2.0] AndroidManifest.xml:21:5-23:58
MERGED from [com.android.support:support-core-utils:25.2.0] AndroidManifest.xml:21:5-23:61
MERGED from [com.android.support:support-compat:25.2.0] AndroidManifest.xml:21:5-23:58
	tools:overrideLibrary
		ADDED from [com.android.support:appcompat-v7:25.2.0] AndroidManifest.xml:23:9-75
	android:targetSdkVersion
		ADDED from android - AS/UIAppTemplate/AndroidManifest.xml:9:9-38
		INJECTED from android - AS/UIAppTemplate/AndroidManifest.xml
		INJECTED from android - AS/UIAppTemplate/AndroidManifest.xml
	android:minSdkVersion
		ADDED from android - AS/UIAppTemplate/AndroidManifest.xml:8:9-35
		INJECTED from android - AS/UIAppTemplate/AndroidManifest.xml
		INJECTED from android - AS/UIAppTemplate/AndroidManifest.xml
uses-permission#android.permission.ACCESS_NETWORK_STATE
ADDED from android - AS/UIAppTemplate/AndroidManifest.xml:11:5-79
MERGED from [com.google.firebase:firebase-analytics:10.0.1] AndroidManifest.xml:21:5-78
MERGED from [com.google.firebase:firebase-analytics-impl:10.0.1] AndroidManifest.xml:21:5-78
MERGED from [com.google.firebase:firebase-iid:10.0.1] AndroidManifest.xml:19:5-78
	android:name
		ADDED from android - AS/UIAppTemplate/AndroidManifest.xml:11:22-76
uses-permission#android.permission.INTERNET
ADDED from android - AS/UIAppTemplate/AndroidManifest.xml:12:5-67
MERGED from [com.google.firebase:firebase-analytics:10.0.1] AndroidManifest.xml:20:5-66
MERGED from [com.google.firebase:firebase-analytics-impl:10.0.1] AndroidManifest.xml:20:5-66
MERGED from [com.google.firebase:firebase-iid:10.0.1] AndroidManifest.xml:20:5-66
	android:name
		ADDED from android - AS/UIAppTemplate/AndroidManifest.xml:12:22-64
application
ADDED from android - AS/UIAppTemplate/AndroidManifest.xml:15:5-172:19
MERGED from [com.android.support:appcompat-v7:25.2.0] AndroidManifest.xml:25:5-20
MERGED from [com.android.support:animated-vector-drawable:25.2.0] AndroidManifest.xml:22:5-20
MERGED from [com.android.support:support-vector-drawable:25.2.0] AndroidManifest.xml:23:5-20
MERGED from [com.google.firebase:firebase-messaging:10.0.1] AndroidManifest.xml:19:5-29:19
MERGED from [com.google.firebase:firebase-core:10.0.1] AndroidManifest.xml:5:5-20
MERGED from [com.google.firebase:firebase-analytics:10.0.1] AndroidManifest.xml:24:5-33:19
MERGED from [com.google.firebase:firebase-analytics-impl:10.0.1] AndroidManifest.xml:24:5-28:19
MERGED from [com.google.firebase:firebase-iid:10.0.1] AndroidManifest.xml:28:5-50:19
MERGED from [com.google.firebase:firebase-common:10.0.1] AndroidManifest.xml:4:5-7:19
MERGED from [com.google.android.gms:play-services-tasks:10.0.1] AndroidManifest.xml:4:5-19
MERGED from [com.google.android.gms:play-services-basement:10.0.1] AndroidManifest.xml:19:5-21:19
MERGED from [com.android.support:support-v4:25.2.0] AndroidManifest.xml:25:5-20
MERGED from [com.android.support:support-fragment:25.2.0] AndroidManifest.xml:25:5-20
MERGED from [com.android.support:support-media-compat:25.2.0] AndroidManifest.xml:25:5-20
MERGED from [com.android.support:support-core-ui:25.2.0] AndroidManifest.xml:25:5-20
MERGED from [com.android.support:support-core-utils:25.2.0] AndroidManifest.xml:25:5-20
MERGED from [com.android.support:support-compat:25.2.0] AndroidManifest.xml:25:5-20
	android:label
		ADDED from android - AS/UIAppTemplate/AndroidManifest.xml:18:9-41
	android:allowBackup
		ADDED from android - AS/UIAppTemplate/AndroidManifest.xml:16:9-35
	android:icon
		ADDED from android - AS/UIAppTemplate/AndroidManifest.xml:17:9-45
	android:theme
		ADDED from android - AS/UIAppTemplate/AndroidManifest.xml:19:9-40
activity#com.csform.android.uiapptemplate.MainActivity
ADDED from android - AS/UIAppTemplate/AndroidManifest.xml:20:9-29:20
	android:label
		ADDED from android - AS/UIAppTemplate/AndroidManifest.xml:22:13-45
	android:theme
		ADDED from android - AS/UIAppTemplate/AndroidManifest.xml:23:13-56
	android:name
		ADDED from android - AS/UIAppTemplate/AndroidManifest.xml:21:13-41
intent-filter#android.intent.action.MAIN+android.intent.category.LAUNCHER
ADDED from android - AS/UIAppTemplate/AndroidManifest.xml:24:13-28:29
action#android.intent.action.MAIN
ADDED from android - AS/UIAppTemplate/AndroidManifest.xml:25:17-69
	android:name
		ADDED from android - AS/UIAppTemplate/AndroidManifest.xml:25:25-66
category#android.intent.category.LAUNCHER
ADDED from android - AS/UIAppTemplate/AndroidManifest.xml:27:17-77
	android:name
		ADDED from android - AS/UIAppTemplate/AndroidManifest.xml:27:27-74
activity#com.csform.android.uiapptemplate.ParallaxKenBurnsActivity
ADDED from android - AS/UIAppTemplate/AndroidManifest.xml:30:9-32:55
	android:theme
		ADDED from android - AS/UIAppTemplate/AndroidManifest.xml:32:13-52
	android:name
		ADDED from android - AS/UIAppTemplate/AndroidManifest.xml:31:13-53
activity#com.csform.android.uiapptemplate.ParallaxActivity
ADDED from android - AS/UIAppTemplate/AndroidManifest.xml:33:9-54
	android:name
		ADDED from android - AS/UIAppTemplate/AndroidManifest.xml:33:19-51
activity#com.csform.android.uiapptemplate.ParallaxTravelActivity
ADDED from android - AS/UIAppTemplate/AndroidManifest.xml:34:9-60
	android:name
		ADDED from android - AS/UIAppTemplate/AndroidManifest.xml:34:19-57
activity#com.csform.android.uiapptemplate.ParallaxSocialActivity
ADDED from android - AS/UIAppTemplate/AndroidManifest.xml:35:9-60
	android:name
		ADDED from android - AS/UIAppTemplate/AndroidManifest.xml:35:19-57
activity#com.csform.android.uiapptemplate.ParallaxMediaActivity
ADDED from android - AS/UIAppTemplate/AndroidManifest.xml:36:9-59
	android:name
		ADDED from android - AS/UIAppTemplate/AndroidManifest.xml:36:19-56
activity#com.csform.android.uiapptemplate.ParallaxShopActivity
ADDED from android - AS/UIAppTemplate/AndroidManifest.xml:37:9-58
	android:name
		ADDED from android - AS/UIAppTemplate/AndroidManifest.xml:37:19-55
activity#com.csform.android.uiapptemplate.ImageGalleryCategoryActivity
ADDED from android - AS/UIAppTemplate/AndroidManifest.xml:38:9-40:56
	android:theme
		ADDED from android - AS/UIAppTemplate/AndroidManifest.xml:40:13-53
	android:name
		ADDED from android - AS/UIAppTemplate/AndroidManifest.xml:39:13-57
activity#com.csform.android.uiapptemplate.ImageGallerySubcategoryActivity
ADDED from android - AS/UIAppTemplate/AndroidManifest.xml:41:9-43:56
	android:theme
		ADDED from android - AS/UIAppTemplate/AndroidManifest.xml:43:13-53
	android:name
		ADDED from android - AS/UIAppTemplate/AndroidManifest.xml:42:13-60
activity#com.csform.android.uiapptemplate.LogInPageActivity
ADDED from android - AS/UIAppTemplate/AndroidManifest.xml:44:9-46:52
	android:screenOrientation
		ADDED from android - AS/UIAppTemplate/AndroidManifest.xml:46:13-49
	android:name
		ADDED from android - AS/UIAppTemplate/AndroidManifest.xml:45:13-46
activity#com.csform.android.uiapptemplate.RegisterPageActivity
ADDED from android - AS/UIAppTemplate/AndroidManifest.xml:47:9-49:52
	android:screenOrientation
		ADDED from android - AS/UIAppTemplate/AndroidManifest.xml:49:13-49
	android:name
		ADDED from android - AS/UIAppTemplate/AndroidManifest.xml:48:13-49
activity#com.csform.android.uiapptemplate.RegisterShopPageActivity
ADDED from android - AS/UIAppTemplate/AndroidManifest.xml:50:9-52:52
	android:screenOrientation
		ADDED from android - AS/UIAppTemplate/AndroidManifest.xml:52:13-49
	android:name
		ADDED from android - AS/UIAppTemplate/AndroidManifest.xml:51:13-53
activity#com.csform.android.uiapptemplate.SplashScreensActivity
ADDED from android - AS/UIAppTemplate/AndroidManifest.xml:53:9-59
	android:name
		ADDED from android - AS/UIAppTemplate/AndroidManifest.xml:53:19-56
activity#com.csform.android.uiapptemplate.ListViewsActivity
ADDED from android - AS/UIAppTemplate/AndroidManifest.xml:54:9-55
	android:name
		ADDED from android - AS/UIAppTemplate/AndroidManifest.xml:54:19-52
activity#com.csform.android.uiapptemplate.LeftMenusActivity
ADDED from android - AS/UIAppTemplate/AndroidManifest.xml:55:9-57:59
	android:theme
		ADDED from android - AS/UIAppTemplate/AndroidManifest.xml:57:13-56
	android:name
		ADDED from android - AS/UIAppTemplate/AndroidManifest.xml:56:13-46
activity#com.csform.android.uiapptemplate.LeftMenusTravelActivity
ADDED from android - AS/UIAppTemplate/AndroidManifest.xml:58:9-60:59
	android:theme
		ADDED from android - AS/UIAppTemplate/AndroidManifest.xml:60:13-56
	android:name
		ADDED from android - AS/UIAppTemplate/AndroidManifest.xml:59:13-52
activity#com.csform.android.uiapptemplate.LeftMenusSocialActivity
ADDED from android - AS/UIAppTemplate/AndroidManifest.xml:61:9-63:59
	android:theme
		ADDED from android - AS/UIAppTemplate/AndroidManifest.xml:63:13-56
	android:name
		ADDED from android - AS/UIAppTemplate/AndroidManifest.xml:62:13-52
activity#com.csform.android.uiapptemplate.LeftMenusMediaActivity
ADDED from android - AS/UIAppTemplate/AndroidManifest.xml:64:9-66:59
	android:theme
		ADDED from android - AS/UIAppTemplate/AndroidManifest.xml:66:13-56
	android:name
		ADDED from android - AS/UIAppTemplate/AndroidManifest.xml:65:13-51
activity#com.csform.android.uiapptemplate.LeftMenusShopActivity
ADDED from android - AS/UIAppTemplate/AndroidManifest.xml:67:9-69:59
	android:theme
		ADDED from android - AS/UIAppTemplate/AndroidManifest.xml:69:13-56
	android:name
		ADDED from android - AS/UIAppTemplate/AndroidManifest.xml:68:13-50
activity#com.csform.android.uiapptemplate.SearchBarsActivity
ADDED from android - AS/UIAppTemplate/AndroidManifest.xml:71:9-56
	android:name
		ADDED from android - AS/UIAppTemplate/AndroidManifest.xml:71:19-53
activity#com.csform.android.uiapptemplate.SearchBarShopActivity
ADDED from android - AS/UIAppTemplate/AndroidManifest.xml:72:9-74:57
	android:windowSoftInputMode
		ADDED from android - AS/UIAppTemplate/AndroidManifest.xml:74:13-54
	android:name
		ADDED from android - AS/UIAppTemplate/AndroidManifest.xml:73:13-50
activity#com.csform.android.uiapptemplate.SearchBarMediaActivity
ADDED from android - AS/UIAppTemplate/AndroidManifest.xml:75:9-77:57
	android:windowSoftInputMode
		ADDED from android - AS/UIAppTemplate/AndroidManifest.xml:77:13-54
	android:name
		ADDED from android - AS/UIAppTemplate/AndroidManifest.xml:76:13-51
activity#com.csform.android.uiapptemplate.CategoriesListViewActivity
ADDED from android - AS/UIAppTemplate/AndroidManifest.xml:78:9-64
	android:name
		ADDED from android - AS/UIAppTemplate/AndroidManifest.xml:78:19-61
activity#com.csform.android.uiapptemplate.DragAndDropSocialActivity
ADDED from android - AS/UIAppTemplate/AndroidManifest.xml:79:9-63
	android:name
		ADDED from android - AS/UIAppTemplate/AndroidManifest.xml:79:19-60
activity#com.csform.android.uiapptemplate.DragAndDropMediaActivity
ADDED from android - AS/UIAppTemplate/AndroidManifest.xml:80:9-62
	android:name
		ADDED from android - AS/UIAppTemplate/AndroidManifest.xml:80:19-59
activity#com.csform.android.uiapptemplate.DragAndDropShopActivity
ADDED from android - AS/UIAppTemplate/AndroidManifest.xml:81:9-61
	android:name
		ADDED from android - AS/UIAppTemplate/AndroidManifest.xml:81:19-58
activity#com.csform.android.uiapptemplate.DragAndDropTravelActivity
ADDED from android - AS/UIAppTemplate/AndroidManifest.xml:82:9-63
	android:name
		ADDED from android - AS/UIAppTemplate/AndroidManifest.xml:82:19-60
activity#com.csform.android.uiapptemplate.SwipToDissmissListViewActivity
ADDED from android - AS/UIAppTemplate/AndroidManifest.xml:83:9-68
	android:name
		ADDED from android - AS/UIAppTemplate/AndroidManifest.xml:83:19-65
activity#com.csform.android.uiapptemplate.SwipToDissmissMediaActivity
ADDED from android - AS/UIAppTemplate/AndroidManifest.xml:84:9-65
	android:name
		ADDED from android - AS/UIAppTemplate/AndroidManifest.xml:84:19-62
activity#com.csform.android.uiapptemplate.SwipToDissmissShopActivity
ADDED from android - AS/UIAppTemplate/AndroidManifest.xml:85:9-64
	android:name
		ADDED from android - AS/UIAppTemplate/AndroidManifest.xml:85:19-61
activity#com.csform.android.uiapptemplate.GoogleCardsActivity
ADDED from android - AS/UIAppTemplate/AndroidManifest.xml:86:9-57
	android:name
		ADDED from android - AS/UIAppTemplate/AndroidManifest.xml:86:19-54
activity#com.csform.android.uiapptemplate.GoogleCardsTravelActivity
ADDED from android - AS/UIAppTemplate/AndroidManifest.xml:87:9-63
	android:name
		ADDED from android - AS/UIAppTemplate/AndroidManifest.xml:87:19-60
activity#com.csform.android.uiapptemplate.GoogleCardsMediaActivity
ADDED from android - AS/UIAppTemplate/AndroidManifest.xml:88:9-62
	android:name
		ADDED from android - AS/UIAppTemplate/AndroidManifest.xml:88:19-59
activity#com.csform.android.uiapptemplate.GoogleCardsShopActivity
ADDED from android - AS/UIAppTemplate/AndroidManifest.xml:89:9-61
	android:name
		ADDED from android - AS/UIAppTemplate/AndroidManifest.xml:89:19-58
activity#com.csform.android.uiapptemplate.GoogleCardsSocialActivity
ADDED from android - AS/UIAppTemplate/AndroidManifest.xml:90:9-63
	android:name
		ADDED from android - AS/UIAppTemplate/AndroidManifest.xml:90:19-60
activity#com.csform.android.uiapptemplate.ExpandableListViewActivity
ADDED from android - AS/UIAppTemplate/AndroidManifest.xml:91:9-64
	android:name
		ADDED from android - AS/UIAppTemplate/AndroidManifest.xml:91:19-61
activity#com.csform.android.uiapptemplate.ExpandableMediaListViewActivity
ADDED from android - AS/UIAppTemplate/AndroidManifest.xml:92:9-69
	android:name
		ADDED from android - AS/UIAppTemplate/AndroidManifest.xml:92:19-66
activity#com.csform.android.uiapptemplate.ExpandableSocialListViewActivity
ADDED from android - AS/UIAppTemplate/AndroidManifest.xml:93:9-70
	android:name
		ADDED from android - AS/UIAppTemplate/AndroidManifest.xml:93:19-67
activity#com.csform.android.uiapptemplate.ExpandableTravelListViewActivity
ADDED from android - AS/UIAppTemplate/AndroidManifest.xml:94:9-70
	android:name
		ADDED from android - AS/UIAppTemplate/AndroidManifest.xml:94:19-67
activity#com.csform.android.uiapptemplate.ExpandableShopListViewActivity
ADDED from android - AS/UIAppTemplate/AndroidManifest.xml:95:9-68
	android:name
		ADDED from android - AS/UIAppTemplate/AndroidManifest.xml:95:19-65
activity#com.csform.android.uiapptemplate.StickyListHeadersActivity
ADDED from android - AS/UIAppTemplate/AndroidManifest.xml:96:9-63
	android:name
		ADDED from android - AS/UIAppTemplate/AndroidManifest.xml:96:19-60
activity#com.csform.android.uiapptemplate.DialogUniversalInfoActivity
ADDED from android - AS/UIAppTemplate/AndroidManifest.xml:97:9-65
	android:name
		ADDED from android - AS/UIAppTemplate/AndroidManifest.xml:97:19-62
activity#com.csform.android.uiapptemplate.DialogMediaActivity
ADDED from android - AS/UIAppTemplate/AndroidManifest.xml:98:9-57
	android:name
		ADDED from android - AS/UIAppTemplate/AndroidManifest.xml:98:19-54
activity#com.csform.android.uiapptemplate.DialogTravelActivity
ADDED from android - AS/UIAppTemplate/AndroidManifest.xml:99:9-58
	android:name
		ADDED from android - AS/UIAppTemplate/AndroidManifest.xml:99:19-55
activity#com.csform.android.uiapptemplate.DialogShopActivity
ADDED from android - AS/UIAppTemplate/AndroidManifest.xml:100:9-56
	android:name
		ADDED from android - AS/UIAppTemplate/AndroidManifest.xml:100:19-53
activity#com.csform.android.uiapptemplate.DialogSocialActivity
ADDED from android - AS/UIAppTemplate/AndroidManifest.xml:101:9-58
	android:name
		ADDED from android - AS/UIAppTemplate/AndroidManifest.xml:101:19-55
activity#com.csform.android.uiapptemplate.DialogUniversalWarningActivity
ADDED from android - AS/UIAppTemplate/AndroidManifest.xml:103:9-68
	android:name
		ADDED from android - AS/UIAppTemplate/AndroidManifest.xml:103:19-65
activity#com.csform.android.uiapptemplate.WizardTravelActivity
ADDED from android - AS/UIAppTemplate/AndroidManifest.xml:105:9-109:70
	android:screenOrientation
		ADDED from android - AS/UIAppTemplate/AndroidManifest.xml:107:13-49
	android:windowSoftInputMode
		ADDED from android - AS/UIAppTemplate/AndroidManifest.xml:109:13-67
	android:theme
		ADDED from android - AS/UIAppTemplate/AndroidManifest.xml:108:13-48
	android:name
		ADDED from android - AS/UIAppTemplate/AndroidManifest.xml:106:13-49
activity#com.csform.android.uiapptemplate.WizardMediaActivity
ADDED from android - AS/UIAppTemplate/AndroidManifest.xml:110:9-114:70
	android:screenOrientation
		ADDED from android - AS/UIAppTemplate/AndroidManifest.xml:112:13-49
	android:windowSoftInputMode
		ADDED from android - AS/UIAppTemplate/AndroidManifest.xml:114:13-67
	android:theme
		ADDED from android - AS/UIAppTemplate/AndroidManifest.xml:113:13-48
	android:name
		ADDED from android - AS/UIAppTemplate/AndroidManifest.xml:111:13-48
activity#com.csform.android.uiapptemplate.WizardShopActivity
ADDED from android - AS/UIAppTemplate/AndroidManifest.xml:115:9-119:70
	android:screenOrientation
		ADDED from android - AS/UIAppTemplate/AndroidManifest.xml:117:13-49
	android:windowSoftInputMode
		ADDED from android - AS/UIAppTemplate/AndroidManifest.xml:119:13-67
	android:theme
		ADDED from android - AS/UIAppTemplate/AndroidManifest.xml:118:13-48
	android:name
		ADDED from android - AS/UIAppTemplate/AndroidManifest.xml:116:13-47
activity#com.csform.android.uiapptemplate.WizardSocialActivity
ADDED from android - AS/UIAppTemplate/AndroidManifest.xml:120:9-124:70
	android:screenOrientation
		ADDED from android - AS/UIAppTemplate/AndroidManifest.xml:122:13-49
	android:windowSoftInputMode
		ADDED from android - AS/UIAppTemplate/AndroidManifest.xml:124:13-67
	android:theme
		ADDED from android - AS/UIAppTemplate/AndroidManifest.xml:123:13-48
	android:name
		ADDED from android - AS/UIAppTemplate/AndroidManifest.xml:121:13-49
activity#com.csform.android.uiapptemplate.WizardUniversalActivity
ADDED from android - AS/UIAppTemplate/AndroidManifest.xml:125:9-129:70
	android:screenOrientation
		ADDED from android - AS/UIAppTemplate/AndroidManifest.xml:127:13-49
	android:windowSoftInputMode
		ADDED from android - AS/UIAppTemplate/AndroidManifest.xml:129:13-67
	android:theme
		ADDED from android - AS/UIAppTemplate/AndroidManifest.xml:128:13-48
	android:name
		ADDED from android - AS/UIAppTemplate/AndroidManifest.xml:126:13-52
activity#com.csform.android.uiapptemplate.TabMediaActivity
ADDED from android - AS/UIAppTemplate/AndroidManifest.xml:130:9-134:70
	android:screenOrientation
		ADDED from android - AS/UIAppTemplate/AndroidManifest.xml:132:13-49
	android:windowSoftInputMode
		ADDED from android - AS/UIAppTemplate/AndroidManifest.xml:134:13-67
	android:theme
		ADDED from android - AS/UIAppTemplate/AndroidManifest.xml:133:13-48
	android:name
		ADDED from android - AS/UIAppTemplate/AndroidManifest.xml:131:13-45
activity#com.csform.android.uiapptemplate.TabShopActivity
ADDED from android - AS/UIAppTemplate/AndroidManifest.xml:135:9-139:70
	android:screenOrientation
		ADDED from android - AS/UIAppTemplate/AndroidManifest.xml:137:13-49
	android:windowSoftInputMode
		ADDED from android - AS/UIAppTemplate/AndroidManifest.xml:139:13-67
	android:theme
		ADDED from android - AS/UIAppTemplate/AndroidManifest.xml:138:13-48
	android:name
		ADDED from android - AS/UIAppTemplate/AndroidManifest.xml:136:13-44
activity#com.csform.android.uiapptemplate.TabSocialActivity
ADDED from android - AS/UIAppTemplate/AndroidManifest.xml:140:9-144:70
	android:screenOrientation
		ADDED from android - AS/UIAppTemplate/AndroidManifest.xml:142:13-49
	android:windowSoftInputMode
		ADDED from android - AS/UIAppTemplate/AndroidManifest.xml:144:13-67
	android:theme
		ADDED from android - AS/UIAppTemplate/AndroidManifest.xml:143:13-48
	android:name
		ADDED from android - AS/UIAppTemplate/AndroidManifest.xml:141:13-46
activity#com.csform.android.uiapptemplate.TabTravelActivity
ADDED from android - AS/UIAppTemplate/AndroidManifest.xml:145:9-149:70
	android:screenOrientation
		ADDED from android - AS/UIAppTemplate/AndroidManifest.xml:147:13-49
	android:windowSoftInputMode
		ADDED from android - AS/UIAppTemplate/AndroidManifest.xml:149:13-67
	android:theme
		ADDED from android - AS/UIAppTemplate/AndroidManifest.xml:148:13-48
	android:name
		ADDED from android - AS/UIAppTemplate/AndroidManifest.xml:146:13-46
activity#com.csform.android.uiapptemplate.TabUniversalActivity
ADDED from android - AS/UIAppTemplate/AndroidManifest.xml:150:9-154:70
	android:screenOrientation
		ADDED from android - AS/UIAppTemplate/AndroidManifest.xml:152:13-49
	android:windowSoftInputMode
		ADDED from android - AS/UIAppTemplate/AndroidManifest.xml:154:13-67
	android:theme
		ADDED from android - AS/UIAppTemplate/AndroidManifest.xml:153:13-48
	android:name
		ADDED from android - AS/UIAppTemplate/AndroidManifest.xml:151:13-49
activity#com.csform.android.uiapptemplate.SubscribeDialog
ADDED from android - AS/UIAppTemplate/AndroidManifest.xml:155:9-158:20
	android:theme
		ADDED from android - AS/UIAppTemplate/AndroidManifest.xml:157:13-49
	android:name
		ADDED from android - AS/UIAppTemplate/AndroidManifest.xml:156:13-44
meta-data#com.google.firebase.messaging.default_notification_icon
ADDED from android - AS/UIAppTemplate/AndroidManifest.xml:159:9-161:62
	android:resource
		ADDED from android - AS/UIAppTemplate/AndroidManifest.xml:161:13-59
	android:name
		ADDED from android - AS/UIAppTemplate/AndroidManifest.xml:160:13-83
service#com.csform.android.uiapptemplate.MyFirebaseMessagingService
ADDED from android - AS/UIAppTemplate/AndroidManifest.xml:162:9-167:19
	android:name
		ADDED from android - AS/UIAppTemplate/AndroidManifest.xml:163:13-55
intent-filter#com.google.firebase.MESSAGING_EVENT
ADDED from android - AS/UIAppTemplate/AndroidManifest.xml:164:13-166:29
action#com.google.firebase.MESSAGING_EVENT
ADDED from android - AS/UIAppTemplate/AndroidManifest.xml:165:17-77
	android:name
		ADDED from android - AS/UIAppTemplate/AndroidManifest.xml:165:25-75
service#com.google.firebase.messaging.FirebaseMessagingService
ADDED from [com.google.firebase:firebase-messaging:10.0.1] AndroidManifest.xml:23:9-27:19
	android:exported
		ADDED from [com.google.firebase:firebase-messaging:10.0.1] AndroidManifest.xml:23:88-111
	android:name
		ADDED from [com.google.firebase:firebase-messaging:10.0.1] AndroidManifest.xml:23:18-87
uses-permission#android.permission.WAKE_LOCK
ADDED from [com.google.firebase:firebase-analytics:10.0.1] AndroidManifest.xml:22:5-67
MERGED from [com.google.firebase:firebase-analytics-impl:10.0.1] AndroidManifest.xml:22:5-67
MERGED from [com.google.firebase:firebase-iid:10.0.1] AndroidManifest.xml:21:5-67
	android:name
		ADDED from [com.google.firebase:firebase-analytics:10.0.1] AndroidManifest.xml:22:22-65
receiver#com.google.android.gms.measurement.AppMeasurementReceiver
ADDED from [com.google.firebase:firebase-analytics:10.0.1] AndroidManifest.xml:25:7-26:18
MERGED from [com.google.firebase:firebase-analytics-impl:10.0.1] AndroidManifest.xml:25:7-26:18
	android:enabled
		ADDED from [com.google.firebase:firebase-analytics:10.0.1] AndroidManifest.xml:25:90-112
	android:exported
		ADDED from [com.google.firebase:firebase-analytics:10.0.1] AndroidManifest.xml:25:113-137
	android:name
		ADDED from [com.google.firebase:firebase-analytics:10.0.1] AndroidManifest.xml:25:17-89
receiver#com.google.android.gms.measurement.AppMeasurementInstallReferrerReceiver
ADDED from [com.google.firebase:firebase-analytics:10.0.1] AndroidManifest.xml:27:7-31:18
	android:enabled
		ADDED from [com.google.firebase:firebase-analytics:10.0.1] AndroidManifest.xml:27:162-184
	android:permission
		ADDED from [com.google.firebase:firebase-analytics:10.0.1] AndroidManifest.xml:27:105-161
	android:name
		ADDED from [com.google.firebase:firebase-analytics:10.0.1] AndroidManifest.xml:27:17-104
intent-filter#com.android.vending.INSTALL_REFERRER
ADDED from [com.google.firebase:firebase-analytics:10.0.1] AndroidManifest.xml:28:11-30:27
action#com.android.vending.INSTALL_REFERRER
ADDED from [com.google.firebase:firebase-analytics:10.0.1] AndroidManifest.xml:29:15-76
	android:name
		ADDED from [com.google.firebase:firebase-analytics:10.0.1] AndroidManifest.xml:29:23-74
service#com.google.android.gms.measurement.AppMeasurementService
ADDED from [com.google.firebase:firebase-analytics:10.0.1] AndroidManifest.xml:32:7-137
MERGED from [com.google.firebase:firebase-analytics-impl:10.0.1] AndroidManifest.xml:27:7-137
	android:enabled
		ADDED from [com.google.firebase:firebase-analytics:10.0.1] AndroidManifest.xml:32:88-110
	android:exported
		ADDED from [com.google.firebase:firebase-analytics:10.0.1] AndroidManifest.xml:32:111-135
	android:name
		ADDED from [com.google.firebase:firebase-analytics:10.0.1] AndroidManifest.xml:32:16-87
uses-permission#com.google.android.c2dm.permission.RECEIVE
ADDED from [com.google.firebase:firebase-iid:10.0.1] AndroidManifest.xml:22:5-81
	android:name
		ADDED from [com.google.firebase:firebase-iid:10.0.1] AndroidManifest.xml:22:22-79
permission#${applicationId}.permission.C2D_MESSAGE
ADDED from [com.google.firebase:firebase-iid:10.0.1] AndroidManifest.xml:24:5-109
	android:protectionLevel
		ADDED from [com.google.firebase:firebase-iid:10.0.1] AndroidManifest.xml:24:72-107
	android:name
		ADDED from [com.google.firebase:firebase-iid:10.0.1] AndroidManifest.xml:24:17-71
uses-permission#${applicationId}.permission.C2D_MESSAGE
ADDED from [com.google.firebase:firebase-iid:10.0.1] AndroidManifest.xml:26:5-78
	android:name
		ADDED from [com.google.firebase:firebase-iid:10.0.1] AndroidManifest.xml:26:22-76
receiver#com.google.firebase.iid.FirebaseInstanceIdReceiver
ADDED from [com.google.firebase:firebase-iid:10.0.1] AndroidManifest.xml:30:9-36:20
	android:exported
		ADDED from [com.google.firebase:firebase-iid:10.0.1] AndroidManifest.xml:30:85-108
	android:permission
		ADDED from [com.google.firebase:firebase-iid:10.0.1] AndroidManifest.xml:30:109-169
	android:name
		ADDED from [com.google.firebase:firebase-iid:10.0.1] AndroidManifest.xml:30:19-84
intent-filter#${applicationId}+com.google.android.c2dm.intent.RECEIVE+com.google.android.c2dm.intent.REGISTRATION
ADDED from [com.google.firebase:firebase-iid:10.0.1] AndroidManifest.xml:31:13-35:29
action#com.google.android.c2dm.intent.RECEIVE
ADDED from [com.google.firebase:firebase-iid:10.0.1] AndroidManifest.xml:32:17-80
	android:name
		ADDED from [com.google.firebase:firebase-iid:10.0.1] AndroidManifest.xml:32:25-78
action#com.google.android.c2dm.intent.REGISTRATION
ADDED from [com.google.firebase:firebase-iid:10.0.1] AndroidManifest.xml:33:17-85
	android:name
		ADDED from [com.google.firebase:firebase-iid:10.0.1] AndroidManifest.xml:33:25-83
category#${applicationId}
ADDED from [com.google.firebase:firebase-iid:10.0.1] AndroidManifest.xml:34:17-60
	android:name
		ADDED from [com.google.firebase:firebase-iid:10.0.1] AndroidManifest.xml:34:27-58
receiver#com.google.firebase.iid.FirebaseInstanceIdInternalReceiver
ADDED from [com.google.firebase:firebase-iid:10.0.1] AndroidManifest.xml:40:9-119
	android:exported
		ADDED from [com.google.firebase:firebase-iid:10.0.1] AndroidManifest.xml:40:93-117
	android:name
		ADDED from [com.google.firebase:firebase-iid:10.0.1] AndroidManifest.xml:40:19-92
service#com.google.firebase.iid.FirebaseInstanceIdService
ADDED from [com.google.firebase:firebase-iid:10.0.1] AndroidManifest.xml:44:9-48:19
	android:exported
		ADDED from [com.google.firebase:firebase-iid:10.0.1] AndroidManifest.xml:44:83-106
	android:name
		ADDED from [com.google.firebase:firebase-iid:10.0.1] AndroidManifest.xml:44:18-82
intent-filter#com.google.firebase.INSTANCE_ID_EVENT
ADDED from [com.google.firebase:firebase-iid:10.0.1] AndroidManifest.xml:45:13-47:29
	android:priority
		ADDED from [com.google.firebase:firebase-iid:10.0.1] AndroidManifest.xml:45:28-51
action#com.google.firebase.INSTANCE_ID_EVENT
ADDED from [com.google.firebase:firebase-iid:10.0.1] AndroidManifest.xml:46:17-79